mode: atomic
github.com/ole-larsen/binance-subscriber/cmd/server/main.go:11.13,17.16 4 0
github.com/ole-larsen/binance-subscriber/cmd/server/main.go:17.16,18.13 1 0
github.com/ole-larsen/binance-subscriber/cmd/server/main.go:21.2,21.22 1 0
github.com/ole-larsen/binance-subscriber/internal/storage/memstorage.go:19.34,23.2 1 0
github.com/ole-larsen/binance-subscriber/internal/storage/memstorage.go:25.37,29.2 3 0
github.com/ole-larsen/binance-subscriber/internal/storage/memstorage.go:31.47,36.39 3 0
github.com/ole-larsen/binance-subscriber/internal/storage/memstorage.go:36.39,38.3 1 0
github.com/ole-larsen/binance-subscriber/internal/storage/memstorage.go:40.2,40.12 1 0
github.com/ole-larsen/binance-subscriber/internal/storage/memstorage.go:43.39,50.33 4 0
github.com/ole-larsen/binance-subscriber/internal/storage/memstorage.go:50.33,52.3 1 0
github.com/ole-larsen/binance-subscriber/internal/storage/memstorage.go:55.2,55.42 1 0
github.com/ole-larsen/binance-subscriber/internal/storage/memstorage.go:55.42,57.3 1 0
github.com/ole-larsen/binance-subscriber/internal/storage/memstorage.go:58.2,58.16 1 0
github.com/ole-larsen/binance-subscriber/internal/httpserver/middlewares/middlewares.go:18.56,19.57 1 0
github.com/ole-larsen/binance-subscriber/internal/httpserver/middlewares/middlewares.go:19.57,23.16 3 0
github.com/ole-larsen/binance-subscriber/internal/httpserver/middlewares/middlewares.go:23.16,25.16 2 0
github.com/ole-larsen/binance-subscriber/internal/httpserver/middlewares/middlewares.go:25.16,28.5 2 0
github.com/ole-larsen/binance-subscriber/internal/httpserver/middlewares/middlewares.go:31.3,43.17 3 0
github.com/ole-larsen/binance-subscriber/internal/httpserver/middlewares/middlewares.go:43.17,45.4 1 0
github.com/ole-larsen/binance-subscriber/internal/httpserver/middlewares/middlewares.go:47.3,49.59 2 0
github.com/ole-larsen/binance-subscriber/internal/httpserver/middlewares/middlewares.go:49.59,51.4 1 0
github.com/ole-larsen/binance-subscriber/internal/httpserver/middlewares/middlewares.go:54.2,54.32 1 0
github.com/ole-larsen/binance-subscriber/internal/httpserver/middlewares/middlewares.go:57.106,60.16 2 0
github.com/ole-larsen/binance-subscriber/internal/httpserver/middlewares/middlewares.go:60.16,62.3 1 0
github.com/ole-larsen/binance-subscriber/internal/httpserver/middlewares/middlewares.go:64.2,66.19 2 0
github.com/ole-larsen/binance-subscriber/internal/httpserver/middlewares/middlewares.go:66.19,71.34 3 0
github.com/ole-larsen/binance-subscriber/internal/httpserver/middlewares/middlewares.go:71.34,74.29 2 0
github.com/ole-larsen/binance-subscriber/internal/httpserver/middlewares/middlewares.go:74.29,76.5 1 0
github.com/ole-larsen/binance-subscriber/internal/httpserver/middlewares/middlewares.go:79.3,83.64 3 0
github.com/ole-larsen/binance-subscriber/internal/httpserver/middlewares/middlewares.go:83.64,97.4 1 0
github.com/ole-larsen/binance-subscriber/internal/httpserver/middlewares/middlewares.go:99.3,99.13 1 0
github.com/ole-larsen/binance-subscriber/internal/httpserver/middlewares/middlewares.go:102.2,102.36 1 0
github.com/ole-larsen/binance-subscriber/internal/httpserver/middlewares/writer.go:21.62,26.2 3 0
github.com/ole-larsen/binance-subscriber/internal/httpserver/middlewares/writer.go:28.61,31.2 2 0
github.com/ole-larsen/binance-subscriber/internal/helpers/generator.go:7.36,9.19 2 10
github.com/ole-larsen/binance-subscriber/internal/helpers/generator.go:9.19,11.3 1 306
github.com/ole-larsen/binance-subscriber/internal/helpers/generator.go:13.2,13.18 1 10
github.com/ole-larsen/binance-subscriber/internal/httpserver/handlers/errors.go:15.32,17.2 1 2
github.com/ole-larsen/binance-subscriber/internal/httpserver/handlers/errors.go:19.32,20.16 1 3
github.com/ole-larsen/binance-subscriber/internal/httpserver/handlers/errors.go:20.16,22.3 1 1
github.com/ole-larsen/binance-subscriber/internal/httpserver/handlers/errors.go:24.2,26.3 1 2
github.com/ole-larsen/binance-subscriber/internal/httpserver/handlers/errors.go:29.32,31.2 1 0
github.com/ole-larsen/binance-subscriber/internal/httpserver/handlers/handlers.go:14.42,17.3 1 0
github.com/ole-larsen/binance-subscriber/internal/httpserver/handlers/handlers.go:32.61,37.16 4 1
github.com/ole-larsen/binance-subscriber/internal/httpserver/handlers/handlers.go:37.16,40.3 2 0
github.com/ole-larsen/binance-subscriber/internal/httpserver/handlers/handlers.go:43.58,46.2 2 1
github.com/ole-larsen/binance-subscriber/internal/httpserver/handlers/handlers.go:48.63,51.2 2 1
github.com/ole-larsen/binance-subscriber/internal/httpserver/handlers/handlers.go:53.65,56.2 2 1
github.com/ole-larsen/binance-subscriber/internal/httpserver/handlers/handlers.go:58.64,61.2 2 0
github.com/ole-larsen/binance-subscriber/internal/httpserver/handlers/handlers.go:63.74,66.2 2 1
github.com/ole-larsen/binance-subscriber/internal/httpserver/handlers/handlers.go:76.63,77.55 1 0
github.com/ole-larsen/binance-subscriber/internal/httpserver/handlers/handlers.go:77.55,78.19 1 0
github.com/ole-larsen/binance-subscriber/internal/httpserver/handlers/handlers.go:78.19,81.4 2 0
github.com/ole-larsen/binance-subscriber/internal/httpserver/handlers/handlers.go:83.3,87.17 3 0
github.com/ole-larsen/binance-subscriber/internal/httpserver/handlers/handlers.go:87.17,90.4 2 0
github.com/ole-larsen/binance-subscriber/internal/httpserver/handlers/handlers.go:92.3,93.17 2 0
github.com/ole-larsen/binance-subscriber/internal/httpserver/handlers/handlers.go:93.17,96.4 2 0
github.com/ole-larsen/binance-subscriber/internal/httpserver/handlers/handlers.go:97.3,99.75 2 0
github.com/ole-larsen/binance-subscriber/internal/httpserver/handlers/handlers.go:99.75,102.4 2 0
github.com/ole-larsen/binance-subscriber/internal/httpserver/handlers/handlers.go:104.3,104.7 1 0
github.com/ole-larsen/binance-subscriber/internal/httpserver/handlers/handlers.go:104.7,106.18 2 0
github.com/ole-larsen/binance-subscriber/internal/httpserver/handlers/handlers.go:106.18,107.92 1 0
github.com/ole-larsen/binance-subscriber/internal/httpserver/handlers/handlers.go:107.92,108.11 1 0
github.com/ole-larsen/binance-subscriber/internal/httpserver/handlers/handlers.go:110.5,111.11 2 0
github.com/ole-larsen/binance-subscriber/internal/httpserver/handlers/handlers.go:114.4,118.18 3 0
github.com/ole-larsen/binance-subscriber/internal/httpserver/handlers/handlers.go:118.18,121.5 2 0
github.com/ole-larsen/binance-subscriber/internal/httpserver/handlers/handlers.go:123.4,123.66 1 0
github.com/ole-larsen/binance-subscriber/internal/httpserver/handlers/handlers.go:123.66,126.5 2 0
github.com/ole-larsen/binance-subscriber/internal/storage/memstorage.go:19.34,23.2 1 0
github.com/ole-larsen/binance-subscriber/internal/storage/memstorage.go:25.37,29.2 3 0
github.com/ole-larsen/binance-subscriber/internal/storage/memstorage.go:31.47,36.39 3 0
github.com/ole-larsen/binance-subscriber/internal/storage/memstorage.go:36.39,38.3 1 0
github.com/ole-larsen/binance-subscriber/internal/storage/memstorage.go:40.2,40.12 1 0
github.com/ole-larsen/binance-subscriber/internal/storage/memstorage.go:43.39,50.33 4 0
github.com/ole-larsen/binance-subscriber/internal/storage/memstorage.go:50.33,52.3 1 0
github.com/ole-larsen/binance-subscriber/internal/storage/memstorage.go:55.2,55.42 1 0
github.com/ole-larsen/binance-subscriber/internal/storage/memstorage.go:55.42,57.3 1 0
github.com/ole-larsen/binance-subscriber/internal/storage/memstorage.go:58.2,58.16 1 0
github.com/ole-larsen/binance-subscriber/internal/poller/errors.go:14.32,16.2 1 1
github.com/ole-larsen/binance-subscriber/internal/poller/errors.go:18.32,19.16 1 5
github.com/ole-larsen/binance-subscriber/internal/poller/errors.go:19.16,21.3 1 1
github.com/ole-larsen/binance-subscriber/internal/poller/errors.go:23.2,25.3 1 4
github.com/ole-larsen/binance-subscriber/internal/poller/errors.go:28.32,30.2 1 2
github.com/ole-larsen/binance-subscriber/internal/poller/poller.go:31.40,36.2 1 0
github.com/ole-larsen/binance-subscriber/internal/poller/poller.go:38.60,40.16 2 0
github.com/ole-larsen/binance-subscriber/internal/poller/poller.go:40.16,42.3 1 0
github.com/ole-larsen/binance-subscriber/internal/poller/poller.go:44.2,48.12 3 0
github.com/ole-larsen/binance-subscriber/internal/poller/poller.go:51.39,52.19 1 0
github.com/ole-larsen/binance-subscriber/internal/poller/poller.go:52.19,54.3 1 0
github.com/ole-larsen/binance-subscriber/internal/poller/poller.go:56.2,56.23 1 0
github.com/ole-larsen/binance-subscriber/internal/poller/poller.go:59.38,60.19 1 0
github.com/ole-larsen/binance-subscriber/internal/poller/poller.go:60.19,62.3 1 0
github.com/ole-larsen/binance-subscriber/internal/poller/poller.go:64.2,66.6 2 0
github.com/ole-larsen/binance-subscriber/internal/poller/poller.go:66.6,68.17 2 0
github.com/ole-larsen/binance-subscriber/internal/poller/poller.go:68.17,70.4 1 0
github.com/ole-larsen/binance-subscriber/internal/poller/poller.go:72.3,72.19 1 0
github.com/ole-larsen/binance-subscriber/internal/poller/poller.go:76.46,78.2 1 0
github.com/ole-larsen/binance-subscriber/internal/poller/poller.go:80.32,81.19 1 0
github.com/ole-larsen/binance-subscriber/internal/poller/poller.go:81.19,83.3 1 0
github.com/ole-larsen/binance-subscriber/internal/poller/poller.go:85.2,85.51 1 0
github.com/ole-larsen/binance-subscriber/internal/poller/poller.go:85.51,86.121 1 0
github.com/ole-larsen/binance-subscriber/internal/poller/poller.go:86.121,89.4 2 0
github.com/ole-larsen/binance-subscriber/internal/poller/poller.go:91.3,91.13 1 0
github.com/ole-larsen/binance-subscriber/internal/poller/poller.go:95.59,96.19 1 0
github.com/ole-larsen/binance-subscriber/internal/poller/poller.go:96.19,98.3 1 0
github.com/ole-larsen/binance-subscriber/internal/poller/poller.go:100.2,106.30 2 0
github.com/ole-larsen/binance-subscriber/internal/poller/poller.go:109.61,110.19 1 0
github.com/ole-larsen/binance-subscriber/internal/poller/poller.go:110.19,112.3 1 0
github.com/ole-larsen/binance-subscriber/internal/poller/poller.go:114.2,120.30 2 0
github.com/ole-larsen/binance-subscriber/internal/httpserver/server.go:19.34,21.2 1 2
github.com/ole-larsen/binance-subscriber/internal/httpserver/server.go:23.52,26.2 2 1
github.com/ole-larsen/binance-subscriber/internal/httpserver/server.go:28.49,31.2 2 1
github.com/ole-larsen/binance-subscriber/internal/httpserver/server.go:33.59,36.2 2 1
github.com/ole-larsen/binance-subscriber/internal/httpserver/server.go:38.39,40.2 1 0
github.com/ole-larsen/binance-subscriber/internal/httpserver/server.go:42.36,44.2 1 0
github.com/ole-larsen/binance-subscriber/internal/httpserver/server.go:46.46,48.2 1 0
github.com/ole-larsen/binance-subscriber/internal/httpserver/server.go:50.45,60.2 3 0
github.com/ole-larsen/binance-subscriber/internal/storage/memstorage.go:19.34,23.2 1 0
github.com/ole-larsen/binance-subscriber/internal/storage/memstorage.go:25.37,29.2 3 0
github.com/ole-larsen/binance-subscriber/internal/storage/memstorage.go:31.47,36.39 3 0
github.com/ole-larsen/binance-subscriber/internal/storage/memstorage.go:36.39,38.3 1 0
github.com/ole-larsen/binance-subscriber/internal/storage/memstorage.go:40.2,40.12 1 0
github.com/ole-larsen/binance-subscriber/internal/storage/memstorage.go:43.39,50.33 4 0
github.com/ole-larsen/binance-subscriber/internal/storage/memstorage.go:50.33,52.3 1 0
github.com/ole-larsen/binance-subscriber/internal/storage/memstorage.go:55.2,55.42 1 0
github.com/ole-larsen/binance-subscriber/internal/storage/memstorage.go:55.42,57.3 1 0
github.com/ole-larsen/binance-subscriber/internal/storage/memstorage.go:58.2,58.16 1 0
github.com/ole-larsen/binance-subscriber/internal/httpserver/router/router.go:18.20,22.2 1 2
github.com/ole-larsen/binance-subscriber/internal/httpserver/router/router.go:24.54,27.2 2 0
github.com/ole-larsen/binance-subscriber/internal/httpserver/router/router.go:29.37,38.2 4 1
github.com/ole-larsen/binance-subscriber/internal/httpserver/router/router.go:40.34,49.2 5 1
github.com/ole-larsen/binance-subscriber/internal/storage/memstorage.go:19.34,23.2 1 0
github.com/ole-larsen/binance-subscriber/internal/storage/memstorage.go:25.37,29.2 3 0
github.com/ole-larsen/binance-subscriber/internal/storage/memstorage.go:31.47,36.39 3 0
github.com/ole-larsen/binance-subscriber/internal/storage/memstorage.go:36.39,38.3 1 0
github.com/ole-larsen/binance-subscriber/internal/storage/memstorage.go:40.2,40.12 1 0
github.com/ole-larsen/binance-subscriber/internal/storage/memstorage.go:43.39,50.33 4 0
github.com/ole-larsen/binance-subscriber/internal/storage/memstorage.go:50.33,52.3 1 0
github.com/ole-larsen/binance-subscriber/internal/storage/memstorage.go:55.2,55.42 1 0
github.com/ole-larsen/binance-subscriber/internal/storage/memstorage.go:55.42,57.3 1 0
github.com/ole-larsen/binance-subscriber/internal/storage/memstorage.go:58.2,58.16 1 0
github.com/ole-larsen/binance-subscriber/internal/server/config/config.go:31.26,32.17 1 11
github.com/ole-larsen/binance-subscriber/internal/server/config/config.go:32.17,38.3 2 1
github.com/ole-larsen/binance-subscriber/internal/server/config/config.go:40.2,40.15 1 11
github.com/ole-larsen/binance-subscriber/internal/server/config/config.go:43.48,44.27 1 10
github.com/ole-larsen/binance-subscriber/internal/server/config/config.go:44.27,46.3 1 10
github.com/ole-larsen/binance-subscriber/internal/server/config/config.go:49.48,54.2 3 10
github.com/ole-larsen/binance-subscriber/internal/server/config/config.go:56.24,65.2 3 1
github.com/ole-larsen/binance-subscriber/internal/server/config/config.go:67.56,68.25 1 9
github.com/ole-larsen/binance-subscriber/internal/server/config/config.go:68.25,69.29 1 9
github.com/ole-larsen/binance-subscriber/internal/server/config/config.go:69.29,71.4 1 5
github.com/ole-larsen/binance-subscriber/internal/server/config/config.go:73.3,77.26 3 9
github.com/ole-larsen/binance-subscriber/internal/server/config/config.go:77.26,78.43 1 2
github.com/ole-larsen/binance-subscriber/internal/server/config/config.go:81.3,81.29 1 7
github.com/ole-larsen/binance-subscriber/internal/server/config/config.go:81.29,83.4 1 0
github.com/ole-larsen/binance-subscriber/internal/server/config/config.go:85.3,86.17 2 7
github.com/ole-larsen/binance-subscriber/internal/server/config/config.go:86.17,87.43 1 2
github.com/ole-larsen/binance-subscriber/internal/server/config/config.go:90.3,90.16 1 5
github.com/ole-larsen/binance-subscriber/internal/server/config/config.go:94.60,95.25 1 1
github.com/ole-larsen/binance-subscriber/internal/server/config/config.go:95.25,96.29 1 1
github.com/ole-larsen/binance-subscriber/internal/server/config/config.go:96.29,98.4 1 1
github.com/ole-larsen/binance-subscriber/internal/server/config/config.go:100.3,103.24 3 1
github.com/ole-larsen/binance-subscriber/internal/server/config/config.go:103.24,105.4 1 1
github.com/ole-larsen/binance-subscriber/internal/server/config/config.go:107.3,107.30 1 1
github.com/ole-larsen/binance-subscriber/internal/log/logger.go:24.84,26.2 1 1
github.com/ole-larsen/binance-subscriber/internal/log/logger.go:30.67,31.17 1 4
github.com/ole-larsen/binance-subscriber/internal/log/logger.go:31.17,34.17 2 3
github.com/ole-larsen/binance-subscriber/internal/log/logger.go:34.17,35.14 1 1
github.com/ole-larsen/binance-subscriber/internal/log/logger.go:39.3,47.17 7 2
github.com/ole-larsen/binance-subscriber/internal/log/logger.go:47.17,48.14 1 1
github.com/ole-larsen/binance-subscriber/internal/log/logger.go:52.3,52.30 1 1
github.com/ole-larsen/binance-subscriber/internal/log/logger.go:55.2,55.15 1 2
github.com/ole-larsen/binance-subscriber/internal/server/errors.go:12.32,14.2 1 10
github.com/ole-larsen/binance-subscriber/internal/server/errors.go:16.32,17.16 1 13
github.com/ole-larsen/binance-subscriber/internal/server/errors.go:17.16,19.3 1 1
github.com/ole-larsen/binance-subscriber/internal/server/errors.go:21.2,23.3 1 12
github.com/ole-larsen/binance-subscriber/internal/server/errors.go:26.32,28.2 1 2
github.com/ole-larsen/binance-subscriber/internal/server/server.go:38.26,42.2 1 23
github.com/ole-larsen/binance-subscriber/internal/server/server.go:48.54,51.112 2 1
github.com/ole-larsen/binance-subscriber/internal/server/server.go:51.112,53.3 1 0
github.com/ole-larsen/binance-subscriber/internal/server/server.go:55.2,55.15 1 1
github.com/ole-larsen/binance-subscriber/internal/server/server.go:60.70,66.12 3 3
github.com/ole-larsen/binance-subscriber/internal/server/server.go:66.12,68.3 1 3
github.com/ole-larsen/binance-subscriber/internal/server/server.go:70.2,70.53 1 3
github.com/ole-larsen/binance-subscriber/internal/server/server.go:70.53,74.3 3 3
github.com/ole-larsen/binance-subscriber/internal/server/server.go:76.2,79.46 3 3
github.com/ole-larsen/binance-subscriber/internal/server/server.go:79.46,82.3 2 1
github.com/ole-larsen/binance-subscriber/internal/server/server.go:84.2,84.15 1 2
github.com/ole-larsen/binance-subscriber/internal/server/server.go:84.15,85.42 1 2
github.com/ole-larsen/binance-subscriber/internal/server/server.go:85.42,88.4 2 0
github.com/ole-larsen/binance-subscriber/internal/server/server.go:90.2,90.67 1 2
github.com/ole-larsen/binance-subscriber/internal/server/server.go:90.67,93.3 2 0
github.com/ole-larsen/binance-subscriber/internal/server/server.go:95.2,95.12 1 2
github.com/ole-larsen/binance-subscriber/internal/server/server.go:95.12,96.41 1 2
github.com/ole-larsen/binance-subscriber/internal/server/server.go:96.41,99.4 2 2
github.com/ole-larsen/binance-subscriber/internal/server/server.go:102.2,108.12 2 2
github.com/ole-larsen/binance-subscriber/internal/server/server.go:108.12,109.49 1 2
github.com/ole-larsen/binance-subscriber/internal/server/server.go:109.49,111.4 1 1
github.com/ole-larsen/binance-subscriber/internal/server/server.go:114.2,114.6 1 2
github.com/ole-larsen/binance-subscriber/internal/server/server.go:114.6,115.10 1 250693
github.com/ole-larsen/binance-subscriber/internal/server/server.go:116.43,117.10 1 250691
github.com/ole-larsen/binance-subscriber/internal/server/server.go:117.10,121.19 3 1
github.com/ole-larsen/binance-subscriber/internal/server/server.go:121.19,124.6 2 0
github.com/ole-larsen/binance-subscriber/internal/server/server.go:126.5,126.59 1 1
github.com/ole-larsen/binance-subscriber/internal/server/server.go:126.59,132.6 1 0
github.com/ole-larsen/binance-subscriber/internal/server/server.go:134.17,135.71 1 1
github.com/ole-larsen/binance-subscriber/internal/server/server.go:135.71,138.5 2 0
github.com/ole-larsen/binance-subscriber/internal/server/server.go:140.4,144.10 2 1
github.com/ole-larsen/binance-subscriber/internal/server/server.go:145.21,147.10 2 1
github.com/ole-larsen/binance-subscriber/internal/server/server.go:159.9,165.23 2 15
github.com/ole-larsen/binance-subscriber/internal/server/server.go:165.23,167.3 1 2
github.com/ole-larsen/binance-subscriber/internal/server/server.go:169.2,169.22 1 13
github.com/ole-larsen/binance-subscriber/internal/server/server.go:169.22,171.3 1 0
github.com/ole-larsen/binance-subscriber/internal/server/server.go:173.2,173.21 1 13
github.com/ole-larsen/binance-subscriber/internal/server/server.go:173.21,175.3 1 2
github.com/ole-larsen/binance-subscriber/internal/server/server.go:177.2,177.19 1 11
github.com/ole-larsen/binance-subscriber/internal/server/server.go:177.19,179.3 1 2
github.com/ole-larsen/binance-subscriber/internal/server/server.go:181.2,194.19 4 9
github.com/ole-larsen/binance-subscriber/internal/server/server.go:194.19,196.3 1 0
github.com/ole-larsen/binance-subscriber/internal/server/server.go:198.2,198.19 1 9
github.com/ole-larsen/binance-subscriber/internal/server/server.go:198.19,199.28 1 9
github.com/ole-larsen/binance-subscriber/internal/server/server.go:199.28,201.4 1 0
github.com/ole-larsen/binance-subscriber/internal/server/server.go:203.3,203.32 1 9
github.com/ole-larsen/binance-subscriber/internal/server/server.go:203.32,205.4 1 0
github.com/ole-larsen/binance-subscriber/internal/server/server.go:208.2,208.21 1 9
github.com/ole-larsen/binance-subscriber/internal/server/server.go:208.21,210.3 1 0
github.com/ole-larsen/binance-subscriber/internal/server/server.go:212.2,212.12 1 9
github.com/ole-larsen/binance-subscriber/internal/server/server.go:216.63,219.2 2 18
github.com/ole-larsen/binance-subscriber/internal/server/server.go:222.57,225.2 2 18
github.com/ole-larsen/binance-subscriber/internal/server/server.go:228.54,231.2 2 18
github.com/ole-larsen/binance-subscriber/internal/server/server.go:233.67,236.2 2 12
github.com/ole-larsen/binance-subscriber/internal/server/server.go:238.69,241.2 2 13
github.com/ole-larsen/binance-subscriber/internal/server/server.go:243.60,246.2 2 16
github.com/ole-larsen/binance-subscriber/internal/server/server.go:249.47,251.2 1 9
github.com/ole-larsen/binance-subscriber/internal/server/server.go:254.45,256.2 1 10
github.com/ole-larsen/binance-subscriber/internal/server/server.go:259.42,261.2 1 10
github.com/ole-larsen/binance-subscriber/internal/server/server.go:264.42,266.2 1 1
github.com/ole-larsen/binance-subscriber/internal/server/server.go:269.51,270.22 1 2
github.com/ole-larsen/binance-subscriber/internal/server/server.go:270.22,272.3 1 1
github.com/ole-larsen/binance-subscriber/internal/server/server.go:273.2,273.40 1 1
github.com/ole-larsen/binance-subscriber/internal/server/server.go:276.57,278.2 1 3
github.com/ole-larsen/binance-subscriber/internal/server/server.go:280.59,282.2 1 3
github.com/ole-larsen/binance-subscriber/internal/storage/memstorage.go:19.34,23.2 1 16
github.com/ole-larsen/binance-subscriber/internal/storage/memstorage.go:25.37,29.2 3 0
github.com/ole-larsen/binance-subscriber/internal/storage/memstorage.go:31.47,36.39 3 0
github.com/ole-larsen/binance-subscriber/internal/storage/memstorage.go:36.39,38.3 1 0
github.com/ole-larsen/binance-subscriber/internal/storage/memstorage.go:40.2,40.12 1 0
github.com/ole-larsen/binance-subscriber/internal/storage/memstorage.go:43.39,50.33 4 0
github.com/ole-larsen/binance-subscriber/internal/storage/memstorage.go:50.33,52.3 1 0
github.com/ole-larsen/binance-subscriber/internal/storage/memstorage.go:55.2,55.42 1 0
github.com/ole-larsen/binance-subscriber/internal/storage/memstorage.go:55.42,57.3 1 0
github.com/ole-larsen/binance-subscriber/internal/storage/memstorage.go:58.2,58.16 1 0
